<?xml version="1.0" encoding="UTF-8"?>
<testsuite name="com.ubs.opsit.interviews.MinutesProcessorTestForInvalidValues" tests="2" skipped="0" failures="0" errors="0" timestamp="2018-06-06T17:15:15" hostname="Mahesh-Shinde" time="0.027">
  <properties/>
  <testcase name="testOutOfRangeUpperLimit" classname="com.ubs.opsit.interviews.MinutesProcessorTestForInvalidValues" time="0.001"/>
  <testcase name="testOutOfRangeLowerValue" classname="com.ubs.opsit.interviews.MinutesProcessorTestForInvalidValues" time="0.001"/>
  <system-out><![CDATA[]]></system-out>
  <system-err><![CDATA[]]></system-err>
</testsuite>
