<?xml version="1.0" encoding="UTF-8"?>
<testsuite name="com.ubs.opsit.interviews.BerlinClockTimeProcessorTestForValidInputs" tests="7" skipped="0" failures="0" errors="0" timestamp="2018-06-06T17:15:15" hostname="Mahesh-Shinde" time="0.012">
  <properties/>
  <testcase name="testForValidTime[0]" classname="com.ubs.opsit.interviews.BerlinClockTimeProcessorTestForValidInputs" time="0.001"/>
  <testcase name="testForValidTime[1]" classname="com.ubs.opsit.interviews.BerlinClockTimeProcessorTestForValidInputs" time="0.0"/>
  <testcase name="testForValidTime[2]" classname="com.ubs.opsit.interviews.BerlinClockTimeProcessorTestForValidInputs" time="0.001"/>
  <testcase name="testForValidTime[3]" classname="com.ubs.opsit.interviews.BerlinClockTimeProcessorTestForValidInputs" time="0.0"/>
  <testcase name="testForValidTime[4]" classname="com.ubs.opsit.interviews.BerlinClockTimeProcessorTestForValidInputs" time="0.0"/>
  <testcase name="testForValidTime[5]" classname="com.ubs.opsit.interviews.BerlinClockTimeProcessorTestForValidInputs" time="0.0"/>
  <testcase name="testForValidTime[6]" classname="com.ubs.opsit.interviews.BerlinClockTimeProcessorTestForValidInputs" time="0.001"/>
  <system-out><![CDATA[]]></system-out>
  <system-err><![CDATA[]]></system-err>
</testsuite>
