<?xml version="1.0" encoding="UTF-8"?>
<testsuite name="com.ubs.opsit.interviews.MinutesProcessorTestForValidValues" tests="8" skipped="0" failures="0" errors="0" timestamp="2018-06-06T17:15:15" hostname="Mahesh-Shinde" time="0.003">
  <properties/>
  <testcase name="testForValidHoursValue[0]" classname="com.ubs.opsit.interviews.MinutesProcessorTestForValidValues" time="0.0"/>
  <testcase name="testForValidHoursValue[1]" classname="com.ubs.opsit.interviews.MinutesProcessorTestForValidValues" time="0.0"/>
  <testcase name="testForValidHoursValue[2]" classname="com.ubs.opsit.interviews.MinutesProcessorTestForValidValues" time="0.0"/>
  <testcase name="testForValidHoursValue[3]" classname="com.ubs.opsit.interviews.MinutesProcessorTestForValidValues" time="0.0"/>
  <testcase name="testForValidHoursValue[4]" classname="com.ubs.opsit.interviews.MinutesProcessorTestForValidValues" time="0.0"/>
  <testcase name="testForValidHoursValue[5]" classname="com.ubs.opsit.interviews.MinutesProcessorTestForValidValues" time="0.0"/>
  <testcase name="testForValidHoursValue[6]" classname="com.ubs.opsit.interviews.MinutesProcessorTestForValidValues" time="0.0"/>
  <testcase name="testForValidHoursValue[7]" classname="com.ubs.opsit.interviews.MinutesProcessorTestForValidValues" time="0.0"/>
  <system-out><![CDATA[]]></system-out>
  <system-err><![CDATA[]]></system-err>
</testsuite>
