<?xml version="1.0" encoding="UTF-8"?>
<testsuite name="com.ubs.opsit.interviews.SecondsProcessorTest" tests="5" skipped="0" failures="0" errors="0" timestamp="2018-06-06T17:15:15" hostname="Mahesh-Shinde" time="0.001">
  <properties/>
  <testcase name="testForOn" classname="com.ubs.opsit.interviews.SecondsProcessorTest" time="0.0"/>
  <testcase name="testStringValueForSeconds" classname="com.ubs.opsit.interviews.SecondsProcessorTest" time="0.0"/>
  <testcase name="testOutOfRangeValueForSeconds" classname="com.ubs.opsit.interviews.SecondsProcessorTest" time="0.001"/>
  <testcase name="testForOff" classname="com.ubs.opsit.interviews.SecondsProcessorTest" time="0.0"/>
  <testcase name="testNegValueForSeconds" classname="com.ubs.opsit.interviews.SecondsProcessorTest" time="0.0"/>
  <system-out><![CDATA[]]></system-out>
  <system-err><![CDATA[]]></system-err>
</testsuite>
